<?xml version="1.0" encoding="UTF-8"?>
<!-- Generated by org.testng.reporters.JUnitXMLReporter -->
<testsuite hostname="qaplanet23" name="Regression1" tests="4" failures="0" timestamp="19 Aug 2017 12:45:30 GMT" time="0.032" errors="0">
  <testcase name="main4" time="0.0" classname="test.tc1"/>
  <testcase name="main3" time="0.0" classname="test.tc1"/>
  <testcase name="main4" time="0.016" classname="test.tc2"/>
  <testcase name="main3" time="0.0" classname="test.tc2"/>
</testsuite> <!-- Regression1 -->
