<?xml version="1.0" encoding="UTF-8"?>
<testng-results skipped="0" failed="0" ignored="0" total="1" passed="1">
  <reporter-output>
  </reporter-output>
  <suite name="Default suite" duration-ms="18960" started-at="2017-09-04T08:57:11Z" finished-at="2017-09-04T08:57:30Z">
    <groups>
    </groups>
    <test name="Default test" duration-ms="18960" started-at="2017-09-04T08:57:11Z" finished-at="2017-09-04T08:57:30Z">
      <class name="testScripts.Tc8editjobtitle">
        <test-method status="PASS" signature="addlocation()[pri:0, instance:testScripts.Tc8editjobtitle@1afa04c]" name="addlocation" duration-ms="18929" started-at="2017-09-04T14:27:11Z" finished-at="2017-09-04T14:27:30Z">
          <reporter-output>
          </reporter-output>
        </test-method> <!-- addlocation -->
      </class> <!-- testScripts.Tc8editjobtitle -->
    </test> <!-- Default test -->
  </suite> <!-- Default suite -->
</testng-results>
